<?xml version="1.0" encoding="UTF-8"?>
<testng-results ignored="0" total="1" passed="1" failed="0" skipped="0">
  <reporter-output>
  </reporter-output>
  <suite started-at="2023-01-05T15:49:47 IST" name="Suite" finished-at="2023-01-05T15:49:47 IST" duration-ms="37">
    <groups>
    </groups>
    <test started-at="2023-01-05T15:49:47 IST" name="Test" finished-at="2023-01-05T15:49:47 IST" duration-ms="37">
      <class name="test.MyClass">
        <test-method signature="test1()[pri:0, instance:test.MyClass@741a8937]" started-at="2023-01-05T15:49:47 IST" name="test1" finished-at="2023-01-05T15:49:47 IST" duration-ms="5" status="PASS">
          <reporter-output>
          </reporter-output>
        </test-method> <!-- test1 -->
      </class> <!-- test.MyClass -->
    </test> <!-- Test -->
  </suite> <!-- Suite -->
</testng-results>
