<?xml version="1.0" encoding="UTF-8"?>
<testng-results ignored="0" total="1" passed="1" failed="0" skipped="0">
  <reporter-output>
  </reporter-output>
  <suite started-at="2023-02-24T06:44:10Z" name="Default suite" finished-at="2023-02-24T06:44:10Z" duration-ms="30">
    <groups>
    </groups>
    <test started-at="2023-02-24T06:44:10Z" name="Default test" finished-at="2023-02-24T06:44:10Z" duration-ms="30">
      <class name="test.MyClass">
        <test-method signature="test1()[pri:0, instance:test.MyClass@60b4beb4]" started-at="2023-02-24T06:44:10Z" name="test1" finished-at="2023-02-24T06:44:10Z" duration-ms="8" status="PASS">
          <reporter-output>
          </reporter-output>
        </test-method> <!-- test1 -->
      </class> <!-- test.MyClass -->
    </test> <!-- Default test -->
  </suite> <!-- Default suite -->
</testng-results>
